<?xml version="1.0" encoding="UTF-8"?>
<!-- Generated by org.testng.reporters.JUnitXMLReporter -->
<testsuite ignored="0" hostname="SUHELK02" failures="0" tests="7" name="Test" time="65.965" errors="0" timestamp="2024-08-05T00:35:09 IST">
  <testcase classname="testCases.TC001_Registration" name="registration" time="4.113"/>
  <testcase classname="testCases.TC002_Login" name="login" time="2.853"/>
  <testcase classname="testCases.TC003_LoginDDT" name="loginDDT" time="4.065"/>
  <testcase classname="testCases.TC003_LoginDDT" name="loginDDT" time="3.739"/>
  <testcase classname="testCases.TC003_LoginDDT" name="loginDDT" time="3.594"/>
  <testcase classname="testCases.TC003_LoginDDT" name="loginDDT" time="11.799"/>
  <testcase classname="testCases.TC003_LoginDDT" name="loginDDT" time="4.09"/>
</testsuite> <!-- Test -->
