<?xml version="1.0" encoding="UTF-8"?>
<!-- Generated by org.testng.reporters.JUnitXMLReporter -->
<testsuite ignored="0" hostname="SUHELK02" failures="0" tests="7" name="Test" time="54.671" errors="0" timestamp="2024-08-16T19:57:42 IST">
  <testcase classname="testCases.TC001_Registration" name="registration" time="2.647"/>
  <testcase classname="testCases.TC002_Login" name="login" time="1.625"/>
  <testcase classname="testCases.TC003_LoginDDT" name="loginDDT" time="2.744"/>
  <testcase classname="testCases.TC003_LoginDDT" name="loginDDT" time="2.381"/>
  <testcase classname="testCases.TC003_LoginDDT" name="loginDDT" time="2.402"/>
  <testcase classname="testCases.TC003_LoginDDT" name="loginDDT" time="11.163"/>
  <testcase classname="testCases.TC003_LoginDDT" name="loginDDT" time="2.963"/>
</testsuite> <!-- Test -->
