<?xml version="1.0" encoding="UTF-8"?>
<!-- Generated by org.testng.reporters.JUnitXMLReporter -->
<testsuite ignored="0" hostname="SUHELK02" failures="0" tests="7" name="Test" time="62.444" errors="0" timestamp="2024-08-06T00:12:18 IST">
  <testcase classname="testCases.TC001_Registration" name="registration" time="3.972"/>
  <testcase classname="testCases.TC002_Login" name="login" time="2.325"/>
  <testcase classname="testCases.TC003_LoginDDT" name="loginDDT" time="4.771"/>
  <testcase classname="testCases.TC003_LoginDDT" name="loginDDT" time="3.638"/>
  <testcase classname="testCases.TC003_LoginDDT" name="loginDDT" time="3.554"/>
  <testcase classname="testCases.TC003_LoginDDT" name="loginDDT" time="11.672"/>
  <testcase classname="testCases.TC003_LoginDDT" name="loginDDT" time="4.196"/>
</testsuite> <!-- Test -->
