<?xml version="1.0" encoding="UTF-8"?>
<testng-results ignored="0" total="7" passed="7" failed="0" skipped="0">
  <reporter-output>
  </reporter-output>
  <suite started-at="2024-08-06T00:11:14 IST" name="Suite" finished-at="2024-08-06T00:12:17 IST" duration-ms="62444">
    <groups>
      <group name="Sanity">
        <method signature="TC001_Registration.registration()[pri:0, instance:testCases.TC001_Registration@35d019a3]" name="registration" class="testCases.TC001_Registration"/>
      </group> <!-- Sanity -->
      <group name="Regression">
        <method signature="TC001_Registration.registration()[pri:0, instance:testCases.TC001_Registration@35d019a3]" name="registration" class="testCases.TC001_Registration"/>
        <method signature="TC002_Login.login()[pri:0, instance:testCases.TC002_Login@3023df74]" name="login" class="testCases.TC002_Login"/>
      </group> <!-- Regression -->
    </groups>
    <test started-at="2024-08-06T00:11:14 IST" name="Test" finished-at="2024-08-06T00:12:17 IST" duration-ms="62444">
      <class name="testCases.TC003_LoginDDT">
        <test-method is-config="true" signature="setUp(java.lang.String,java.lang.String)[pri:0, instance:testCases.TC003_LoginDDT@313ac989]" started-at="2024-08-06T00:11:39 IST" name="setUp" finished-at="2024-08-06T00:11:45 IST" duration-ms="6468" status="PASS">
          <params>
            <param index="0">
              <value>
                <![CDATA[edge]]>
              </value>
            </param>
            <param index="1">
              <value>
                <![CDATA[windows]]>
              </value>
            </param>
          </params>
          <reporter-output>
          </reporter-output>
        </test-method> <!-- setUp -->
        <test-method signature="loginDDT(java.lang.String,java.lang.String,java.lang.String)[pri:0, instance:testCases.TC003_LoginDDT@313ac989]" started-at="2024-08-06T00:11:47 IST" name="loginDDT" data-provider="LoginData" finished-at="2024-08-06T00:11:52 IST" duration-ms="4771" status="PASS">
          <params>
            <param index="0">
              <value>
                <![CDATA[pavanoltraining@gmail.com]]>
              </value>
            </param>
            <param index="1">
              <value>
                <![CDATA[test@123]]>
              </value>
            </param>
            <param index="2">
              <value>
                <![CDATA[Valid]]>
              </value>
            </param>
          </params>
          <reporter-output>
          </reporter-output>
        </test-method> <!-- loginDDT -->
        <test-method signature="loginDDT(java.lang.String,java.lang.String,java.lang.String)[pri:0, instance:testCases.TC003_LoginDDT@313ac989]" started-at="2024-08-06T00:11:52 IST" name="loginDDT" data-provider="LoginData" finished-at="2024-08-06T00:11:56 IST" duration-ms="3638" status="PASS">
          <params>
            <param index="0">
              <value>
                <![CDATA[lakshmi@yahoo.com]]>
              </value>
            </param>
            <param index="1">
              <value>
                <![CDATA[Laxmi]]>
              </value>
            </param>
            <param index="2">
              <value>
                <![CDATA[Valid]]>
              </value>
            </param>
          </params>
          <reporter-output>
          </reporter-output>
        </test-method> <!-- loginDDT -->
        <test-method signature="loginDDT(java.lang.String,java.lang.String,java.lang.String)[pri:0, instance:testCases.TC003_LoginDDT@313ac989]" started-at="2024-08-06T00:11:56 IST" name="loginDDT" data-provider="LoginData" finished-at="2024-08-06T00:11:59 IST" duration-ms="3554" status="PASS">
          <params>
            <param index="0">
              <value>
                <![CDATA[laksh@yahoo.com]]>
              </value>
            </param>
            <param index="1">
              <value>
                <![CDATA[Lakshmi]]>
              </value>
            </param>
            <param index="2">
              <value>
                <![CDATA[Valid]]>
              </value>
            </param>
          </params>
          <reporter-output>
          </reporter-output>
        </test-method> <!-- loginDDT -->
        <test-method signature="loginDDT(java.lang.String,java.lang.String,java.lang.String)[pri:0, instance:testCases.TC003_LoginDDT@313ac989]" started-at="2024-08-06T00:11:59 IST" name="loginDDT" data-provider="LoginData" finished-at="2024-08-06T00:12:11 IST" duration-ms="11672" status="PASS">
          <params>
            <param index="0">
              <value>
                <![CDATA[laks@yahoo.com]]>
              </value>
            </param>
            <param index="1">
              <value>
                <![CDATA[xyz]]>
              </value>
            </param>
            <param index="2">
              <value>
                <![CDATA[Invalid]]>
              </value>
            </param>
          </params>
          <reporter-output>
          </reporter-output>
        </test-method> <!-- loginDDT -->
        <test-method signature="loginDDT(java.lang.String,java.lang.String,java.lang.String)[pri:0, instance:testCases.TC003_LoginDDT@313ac989]" started-at="2024-08-06T00:12:11 IST" name="loginDDT" data-provider="LoginData" finished-at="2024-08-06T00:12:15 IST" duration-ms="4196" status="PASS">
          <params>
            <param index="0">
              <value>
                <![CDATA[abc123@gmail.com]]>
              </value>
            </param>
            <param index="1">
              <value>
                <![CDATA[test@123]]>
              </value>
            </param>
            <param index="2">
              <value>
                <![CDATA[Valid]]>
              </value>
            </param>
          </params>
          <reporter-output>
          </reporter-output>
        </test-method> <!-- loginDDT -->
        <test-method is-config="true" signature="tesrDown()[pri:0, instance:testCases.TC003_LoginDDT@313ac989]" started-at="2024-08-06T00:12:15 IST" name="tesrDown" finished-at="2024-08-06T00:12:17 IST" duration-ms="1593" status="PASS">
          <reporter-output>
          </reporter-output>
        </test-method> <!-- tesrDown -->
      </class> <!-- testCases.TC003_LoginDDT -->
      <class name="testCases.TC002_Login">
        <test-method is-config="true" signature="setUp(java.lang.String,java.lang.String)[pri:0, instance:testCases.TC002_Login@3023df74]" started-at="2024-08-06T00:11:28 IST" name="setUp" finished-at="2024-08-06T00:11:35 IST" duration-ms="6448" status="PASS">
          <params>
            <param index="0">
              <value>
                <![CDATA[edge]]>
              </value>
            </param>
            <param index="1">
              <value>
                <![CDATA[windows]]>
              </value>
            </param>
          </params>
          <reporter-output>
          </reporter-output>
        </test-method> <!-- setUp -->
        <test-method signature="login()[pri:0, instance:testCases.TC002_Login@3023df74]" started-at="2024-08-06T00:11:35 IST" name="login" finished-at="2024-08-06T00:11:37 IST" duration-ms="2325" status="PASS">
          <reporter-output>
          </reporter-output>
        </test-method> <!-- login -->
        <test-method is-config="true" signature="tesrDown()[pri:0, instance:testCases.TC002_Login@3023df74]" started-at="2024-08-06T00:11:37 IST" name="tesrDown" finished-at="2024-08-06T00:11:39 IST" duration-ms="1500" status="PASS">
          <reporter-output>
          </reporter-output>
        </test-method> <!-- tesrDown -->
      </class> <!-- testCases.TC002_Login -->
      <class name="testCases.TC001_Registration">
        <test-method is-config="true" signature="setUp(java.lang.String,java.lang.String)[pri:0, instance:testCases.TC001_Registration@35d019a3]" started-at="2024-08-06T00:11:15 IST" name="setUp" finished-at="2024-08-06T00:11:23 IST" duration-ms="8132" status="PASS">
          <params>
            <param index="0">
              <value>
                <![CDATA[edge]]>
              </value>
            </param>
            <param index="1">
              <value>
                <![CDATA[windows]]>
              </value>
            </param>
          </params>
          <reporter-output>
          </reporter-output>
        </test-method> <!-- setUp -->
        <test-method signature="registration()[pri:0, instance:testCases.TC001_Registration@35d019a3]" started-at="2024-08-06T00:11:23 IST" name="registration" finished-at="2024-08-06T00:11:27 IST" duration-ms="3972" status="PASS">
          <reporter-output>
          </reporter-output>
        </test-method> <!-- registration -->
        <test-method is-config="true" signature="tesrDown()[pri:0, instance:testCases.TC001_Registration@35d019a3]" started-at="2024-08-06T00:11:27 IST" name="tesrDown" finished-at="2024-08-06T00:11:28 IST" duration-ms="1430" status="PASS">
          <reporter-output>
          </reporter-output>
        </test-method> <!-- tesrDown -->
      </class> <!-- testCases.TC001_Registration -->
    </test> <!-- Test -->
  </suite> <!-- Suite -->
</testng-results>
