<?xml version="1.0" encoding="UTF-8"?>
<testng-results ignored="0" total="1" passed="1" failed="0" skipped="0">
  <reporter-output>
  </reporter-output>
  <suite started-at="2026-01-02T00:50:50 IST" name="Suite" finished-at="2026-01-02T00:51:04 IST" duration-ms="13841">
    <groups>
      <group name="Sanity">
        <method signature="TC001_Registration.registration()[pri:0, instance:testCases.TC001_Registration@4c371370]" name="registration" class="testCases.TC001_Registration"/>
      </group> <!-- Sanity -->
      <group name="Regression">
        <method signature="TC001_Registration.registration()[pri:0, instance:testCases.TC001_Registration@4c371370]" name="registration" class="testCases.TC001_Registration"/>
      </group> <!-- Regression -->
    </groups>
    <test started-at="2026-01-02T00:50:50 IST" name="Test" finished-at="2026-01-02T00:51:04 IST" duration-ms="13841">
      <class name="testCases.TC001_Registration">
        <test-method is-config="true" signature="setUp(java.lang.String,java.lang.String)[pri:0, instance:testCases.TC001_Registration@4c371370]" started-at="2026-01-02T00:50:51 IST" name="setUp" finished-at="2026-01-02T00:50:58 IST" duration-ms="7613" status="PASS">
          <params>
            <param index="0">
              <value>
                <![CDATA[edge]]>
              </value>
            </param>
            <param index="1">
              <value>
                <![CDATA[linux]]>
              </value>
            </param>
          </params>
          <reporter-output>
          </reporter-output>
        </test-method> <!-- setUp -->
        <test-method signature="registration()[pri:0, instance:testCases.TC001_Registration@4c371370]" started-at="2026-01-02T00:50:58 IST" name="registration" finished-at="2026-01-02T00:51:04 IST" duration-ms="5225" status="PASS">
          <reporter-output>
          </reporter-output>
        </test-method> <!-- registration -->
        <test-method is-config="true" signature="tesrDown()[pri:0, instance:testCases.TC001_Registration@4c371370]" started-at="2026-01-02T00:51:04 IST" name="tesrDown" finished-at="2026-01-02T00:51:04 IST" duration-ms="503" status="PASS">
          <reporter-output>
          </reporter-output>
        </test-method> <!-- tesrDown -->
      </class> <!-- testCases.TC001_Registration -->
    </test> <!-- Test -->
  </suite> <!-- Suite -->
</testng-results>
