<?xml version="1.0" encoding="UTF-8"?>
<testng-results ignored="0" total="7" passed="7" failed="0" skipped="0">
  <reporter-output>
  </reporter-output>
  <suite started-at="2024-08-05T00:34:01 IST" name="Suite" finished-at="2024-08-05T00:35:07 IST" duration-ms="65965">
    <groups>
      <group name="Sanity">
        <method signature="TC001_Registration.registration()[pri:0, instance:testCases.TC001_Registration@61322f9d]" name="registration" class="testCases.TC001_Registration"/>
      </group> <!-- Sanity -->
      <group name="Regression">
        <method signature="TC001_Registration.registration()[pri:0, instance:testCases.TC001_Registration@61322f9d]" name="registration" class="testCases.TC001_Registration"/>
        <method signature="TC002_Login.login()[pri:0, instance:testCases.TC002_Login@b2c9a9c]" name="login" class="testCases.TC002_Login"/>
      </group> <!-- Regression -->
    </groups>
    <test started-at="2024-08-05T00:34:01 IST" name="Test" finished-at="2024-08-05T00:35:07 IST" duration-ms="65965">
      <class name="testCases.TC003_LoginDDT">
        <test-method is-config="true" signature="setUp(java.lang.String,java.lang.String)[pri:0, instance:testCases.TC003_LoginDDT@4c178a76]" started-at="2024-08-05T00:34:27 IST" name="setUp" finished-at="2024-08-05T00:34:33 IST" duration-ms="6753" status="PASS">
          <params>
            <param index="0">
              <value>
                <![CDATA[edge]]>
              </value>
            </param>
            <param index="1">
              <value>
                <![CDATA[windows]]>
              </value>
            </param>
          </params>
          <reporter-output>
          </reporter-output>
        </test-method> <!-- setUp -->
        <test-method signature="loginDDT(java.lang.String,java.lang.String,java.lang.String)[pri:0, instance:testCases.TC003_LoginDDT@4c178a76]" started-at="2024-08-05T00:34:38 IST" name="loginDDT" data-provider="LoginData" finished-at="2024-08-05T00:34:42 IST" duration-ms="4065" status="PASS">
          <params>
            <param index="0">
              <value>
                <![CDATA[pavanoltraining@gmail.com]]>
              </value>
            </param>
            <param index="1">
              <value>
                <![CDATA[test@123]]>
              </value>
            </param>
            <param index="2">
              <value>
                <![CDATA[Valid]]>
              </value>
            </param>
          </params>
          <reporter-output>
          </reporter-output>
        </test-method> <!-- loginDDT -->
        <test-method signature="loginDDT(java.lang.String,java.lang.String,java.lang.String)[pri:0, instance:testCases.TC003_LoginDDT@4c178a76]" started-at="2024-08-05T00:34:42 IST" name="loginDDT" data-provider="LoginData" finished-at="2024-08-05T00:34:46 IST" duration-ms="3739" status="PASS">
          <params>
            <param index="0">
              <value>
                <![CDATA[lakshmi@yahoo.com]]>
              </value>
            </param>
            <param index="1">
              <value>
                <![CDATA[Laxmi]]>
              </value>
            </param>
            <param index="2">
              <value>
                <![CDATA[Valid]]>
              </value>
            </param>
          </params>
          <reporter-output>
          </reporter-output>
        </test-method> <!-- loginDDT -->
        <test-method signature="loginDDT(java.lang.String,java.lang.String,java.lang.String)[pri:0, instance:testCases.TC003_LoginDDT@4c178a76]" started-at="2024-08-05T00:34:46 IST" name="loginDDT" data-provider="LoginData" finished-at="2024-08-05T00:34:49 IST" duration-ms="3594" status="PASS">
          <params>
            <param index="0">
              <value>
                <![CDATA[laksh@yahoo.com]]>
              </value>
            </param>
            <param index="1">
              <value>
                <![CDATA[Lakshmi]]>
              </value>
            </param>
            <param index="2">
              <value>
                <![CDATA[Valid]]>
              </value>
            </param>
          </params>
          <reporter-output>
          </reporter-output>
        </test-method> <!-- loginDDT -->
        <test-method signature="loginDDT(java.lang.String,java.lang.String,java.lang.String)[pri:0, instance:testCases.TC003_LoginDDT@4c178a76]" started-at="2024-08-05T00:34:49 IST" name="loginDDT" data-provider="LoginData" finished-at="2024-08-05T00:35:01 IST" duration-ms="11799" status="PASS">
          <params>
            <param index="0">
              <value>
                <![CDATA[laks@yahoo.com]]>
              </value>
            </param>
            <param index="1">
              <value>
                <![CDATA[xyz]]>
              </value>
            </param>
            <param index="2">
              <value>
                <![CDATA[Invalid]]>
              </value>
            </param>
          </params>
          <reporter-output>
          </reporter-output>
        </test-method> <!-- loginDDT -->
        <test-method signature="loginDDT(java.lang.String,java.lang.String,java.lang.String)[pri:0, instance:testCases.TC003_LoginDDT@4c178a76]" started-at="2024-08-05T00:35:01 IST" name="loginDDT" data-provider="LoginData" finished-at="2024-08-05T00:35:05 IST" duration-ms="4090" status="PASS">
          <params>
            <param index="0">
              <value>
                <![CDATA[abc123@gmail.com]]>
              </value>
            </param>
            <param index="1">
              <value>
                <![CDATA[test@123]]>
              </value>
            </param>
            <param index="2">
              <value>
                <![CDATA[Valid]]>
              </value>
            </param>
          </params>
          <reporter-output>
          </reporter-output>
        </test-method> <!-- loginDDT -->
        <test-method is-config="true" signature="tesrDown()[pri:0, instance:testCases.TC003_LoginDDT@4c178a76]" started-at="2024-08-05T00:35:05 IST" name="tesrDown" finished-at="2024-08-05T00:35:07 IST" duration-ms="1914" status="PASS">
          <reporter-output>
          </reporter-output>
        </test-method> <!-- tesrDown -->
      </class> <!-- testCases.TC003_LoginDDT -->
      <class name="testCases.TC002_Login">
        <test-method is-config="true" signature="setUp(java.lang.String,java.lang.String)[pri:0, instance:testCases.TC002_Login@b2c9a9c]" started-at="2024-08-05T00:34:16 IST" name="setUp" finished-at="2024-08-05T00:34:22 IST" duration-ms="5920" status="PASS">
          <params>
            <param index="0">
              <value>
                <![CDATA[edge]]>
              </value>
            </param>
            <param index="1">
              <value>
                <![CDATA[windows]]>
              </value>
            </param>
          </params>
          <reporter-output>
          </reporter-output>
        </test-method> <!-- setUp -->
        <test-method signature="login()[pri:0, instance:testCases.TC002_Login@b2c9a9c]" started-at="2024-08-05T00:34:22 IST" name="login" finished-at="2024-08-05T00:34:25 IST" duration-ms="2853" status="PASS">
          <reporter-output>
          </reporter-output>
        </test-method> <!-- login -->
        <test-method is-config="true" signature="tesrDown()[pri:0, instance:testCases.TC002_Login@b2c9a9c]" started-at="2024-08-05T00:34:25 IST" name="tesrDown" finished-at="2024-08-05T00:34:27 IST" duration-ms="1709" status="PASS">
          <reporter-output>
          </reporter-output>
        </test-method> <!-- tesrDown -->
      </class> <!-- testCases.TC002_Login -->
      <class name="testCases.TC001_Registration">
        <test-method is-config="true" signature="setUp(java.lang.String,java.lang.String)[pri:0, instance:testCases.TC001_Registration@61322f9d]" started-at="2024-08-05T00:34:01 IST" name="setUp" finished-at="2024-08-05T00:34:10 IST" duration-ms="8728" status="PASS">
          <params>
            <param index="0">
              <value>
                <![CDATA[edge]]>
              </value>
            </param>
            <param index="1">
              <value>
                <![CDATA[windows]]>
              </value>
            </param>
          </params>
          <reporter-output>
          </reporter-output>
        </test-method> <!-- setUp -->
        <test-method signature="registration()[pri:0, instance:testCases.TC001_Registration@61322f9d]" started-at="2024-08-05T00:34:10 IST" name="registration" finished-at="2024-08-05T00:34:14 IST" duration-ms="4113" status="PASS">
          <reporter-output>
          </reporter-output>
        </test-method> <!-- registration -->
        <test-method is-config="true" signature="tesrDown()[pri:0, instance:testCases.TC001_Registration@61322f9d]" started-at="2024-08-05T00:34:14 IST" name="tesrDown" finished-at="2024-08-05T00:34:16 IST" duration-ms="1763" status="PASS">
          <reporter-output>
          </reporter-output>
        </test-method> <!-- tesrDown -->
      </class> <!-- testCases.TC001_Registration -->
    </test> <!-- Test -->
  </suite> <!-- Suite -->
</testng-results>
