<?xml version="1.0" encoding="UTF-8"?>
<!-- Generated by org.testng.reporters.JUnitReportReporter -->
<testsuite hostname="SUHELK02" failures="0" tests="5" name="testCases.TC003_LoginDDT" time="27.287" errors="0" timestamp="2024-08-05T00:35:10 IST" skipped="0">
  <testcase classname="testCases.TC003_LoginDDT" name="loginDDT" time="4.090"/>
  <testcase classname="testCases.TC003_LoginDDT" name="loginDDT" time="11.799"/>
  <testcase classname="testCases.TC003_LoginDDT" name="loginDDT" time="3.594"/>
  <testcase classname="testCases.TC003_LoginDDT" name="loginDDT" time="4.065"/>
  <testcase classname="testCases.TC003_LoginDDT" name="loginDDT" time="3.739"/>
</testsuite> <!-- testCases.TC003_LoginDDT -->
