<?xml version="1.0" encoding="UTF-8"?>
<!-- Generated by org.testng.reporters.JUnitReportReporter -->
<testsuite hostname="SUHELK02" failures="0" tests="5" name="testCases.TC003_LoginDDT" time="27.831" errors="0" timestamp="2024-08-06T00:12:18 IST" skipped="0">
  <testcase classname="testCases.TC003_LoginDDT" name="loginDDT" time="3.638"/>
  <testcase classname="testCases.TC003_LoginDDT" name="loginDDT" time="4.196"/>
  <testcase classname="testCases.TC003_LoginDDT" name="loginDDT" time="4.771"/>
  <testcase classname="testCases.TC003_LoginDDT" name="loginDDT" time="3.554"/>
  <testcase classname="testCases.TC003_LoginDDT" name="loginDDT" time="11.672"/>
</testsuite> <!-- testCases.TC003_LoginDDT -->
