<?xml version="1.0" encoding="UTF-8"?>
<!-- Generated by org.testng.reporters.JUnitReportReporter -->
<testsuite hostname="SUHELK02" failures="0" tests="5" name="testCases.TC003_LoginDDT" time="21.653" errors="0" timestamp="2024-08-16T19:57:42 IST" skipped="0">
  <testcase classname="testCases.TC003_LoginDDT" name="loginDDT" time="2.381"/>
  <testcase classname="testCases.TC003_LoginDDT" name="loginDDT" time="2.963"/>
  <testcase classname="testCases.TC003_LoginDDT" name="loginDDT" time="2.744"/>
  <testcase classname="testCases.TC003_LoginDDT" name="loginDDT" time="2.402"/>
  <testcase classname="testCases.TC003_LoginDDT" name="loginDDT" time="11.163"/>
</testsuite> <!-- testCases.TC003_LoginDDT -->
